
> mobile-app-scaffold@1.0.0 web
> expo start --web --port 8082

Starting project at /Users/maxin/maxin/learn/learn
Starting Metro Bundler
The following packages should be updated for best compatibility with the installed expo version:
  @react-native-async-storage/async-storage@1.24.0 - expected version: 1.23.1
  expo-image-picker@16.1.4 - expected version: ~16.0.6
  react-native-svg@15.11.2 - expected version: 15.8.0
Your project may not work correctly until you install the expected versions of the packages.
Waiting on http://localhost:8082
Logs for your project will appear below.
λ Bundled 1928ms node_modules/expo-router/node/render.js (1460 modules)
λ  WARN  "shadow*" style props are deprecated. Use "boxShadow". 
  factory (app/(tabs)/index.tsx:1117:27)
λ  WARN  Route "./components/CircularProgress.tsx" is missing the required default export. Ensure a React component is exported as default. 
λ  WARN  Route "./components/Exercise.tsx" is missing the required default export. Ensure a React component is exported as default. 
λ  WARN  Route "./components/KnowledgePointModal.tsx" is missing the required default export. Ensure a React component is exported as default. 
λ  WARN  Route "./components/MasteryIndicator.tsx" is missing the required default export. Ensure a React component is exported as default. 
λ  WARN  Route "./components/Themed.tsx" is missing the required default export. Ensure a React component is exported as default. 
λ  WARN  Route "./components/ThemedText.tsx" is missing the required default export. Ensure a React component is exported as default. 
λ  WARN  Route "./constants/apiConfig.ts" is missing the required default export. Ensure a React component is exported as default. 
λ  WARN  Route "./hooks/useColorScheme.ts" is missing the required default export. Ensure a React component is exported as default. 
λ  WARN  Route "./hooks/useColorScheme.web.ts" is missing the required default export. Ensure a React component is exported as default. 
λ  WARN  Route "./hooks/useThemeColor.ts" is missing the required default export. Ensure a React component is exported as default. 
λ  WARN  Route "./services/authService.ts" is missing the required default export. Ensure a React component is exported as default. 
λ  WARN  Route "./services/errorBookService.ts" is missing the required default export. Ensure a React component is exported as default. 
λ  WARN  Route "./services/pointsService.ts" is missing the required default export. Ensure a React component is exported as default. 
λ  WARN  Route "./services/progressService.ts" is missing the required default export. Ensure a React component is exported as default. 
λ  WARN  Route "./utils/exerciseUtils.ts" is missing the required default export. Ensure a React component is exported as default. 
λ  LOG  [RootLayout] App not ready yet (fonts loading or initial route being determined). Returning null.
Web Bundled 3090ms node_modules/expo-router/entry.js (1643 modules)
Error: ENOENT: no such file or directory, open './assets/images/favicon.png'
    at Object.openSync (node:fs:603:3)
    at readFileSync (node:fs:471:35)
    at calculateHash (/Users/maxin/maxin/learn/learn/node_modules/@expo/image-utils/src/Cache.ts:13:73)
    at createCacheKey (/Users/maxin/maxin/learn/learn/node_modules/@expo/image-utils/src/Cache.ts:19:16)
    at Object.createCacheKeyWithDirectoryAsync (/Users/maxin/maxin/learn/learn/node_modules/@expo/image-utils/src/Cache.ts:34:31)
    at generateImageAsync (/Users/maxin/maxin/learn/learn/node_modules/@expo/image-utils/src/Image.ts:227:32)
    at processTicksAndRejections (node:internal/process/task_queues:95:5)
    at getFaviconFromExpoConfigAsync (/Users/maxin/maxin/learn/learn/node_modules/@expo/cli/src/export/favicon.ts:83:24)
    at FaviconMiddleware.handleRequestAsync (/Users/maxin/maxin/learn/learn/node_modules/@expo/cli/src/start/server/middleware/FaviconMiddleware.ts:29:20)
    at internalMiddleware (/Users/maxin/maxin/learn/learn/node_modules/@expo/cli/src/start/server/middleware/ExpoMiddleware.ts:44:16)
Web Bundled 847ms node_modules/expo-router/entry.js (1575 modules)
 LOG  [web] Logs will appear in the browser console
Error: ENOENT: no such file or directory, open './assets/images/favicon.png'
    at Object.openSync (node:fs:603:3)
    at readFileSync (node:fs:471:35)
    at calculateHash (/Users/maxin/maxin/learn/learn/node_modules/@expo/image-utils/src/Cache.ts:13:73)
    at createCacheKey (/Users/maxin/maxin/learn/learn/node_modules/@expo/image-utils/src/Cache.ts:19:16)
    at Object.createCacheKeyWithDirectoryAsync (/Users/maxin/maxin/learn/learn/node_modules/@expo/image-utils/src/Cache.ts:34:31)
    at generateImageAsync (/Users/maxin/maxin/learn/learn/node_modules/@expo/image-utils/src/Image.ts:227:32)
    at getFaviconFromExpoConfigAsync (/Users/maxin/maxin/learn/learn/node_modules/@expo/cli/src/export/favicon.ts:83:24)
    at FaviconMiddleware.handleRequestAsync (/Users/maxin/maxin/learn/learn/node_modules/@expo/cli/src/start/server/middleware/FaviconMiddleware.ts:29:20)
    at internalMiddleware (/Users/maxin/maxin/learn/learn/node_modules/@expo/cli/src/start/server/middleware/ExpoMiddleware.ts:44:16)
λ Bundled 125ms node_modules/expo-router/node/render.js (1 module)
Error: ENOENT: no such file or directory, open './assets/images/favicon.png'
    at Object.openSync (node:fs:603:3)
    at readFileSync (node:fs:471:35)
    at calculateHash (/Users/maxin/maxin/learn/learn/node_modules/@expo/image-utils/src/Cache.ts:13:73)
    at createCacheKey (/Users/maxin/maxin/learn/learn/node_modules/@expo/image-utils/src/Cache.ts:19:16)
    at Object.createCacheKeyWithDirectoryAsync (/Users/maxin/maxin/learn/learn/node_modules/@expo/image-utils/src/Cache.ts:34:31)
    at generateImageAsync (/Users/maxin/maxin/learn/learn/node_modules/@expo/image-utils/src/Image.ts:227:32)
    at getFaviconFromExpoConfigAsync (/Users/maxin/maxin/learn/learn/node_modules/@expo/cli/src/export/favicon.ts:83:24)
    at FaviconMiddleware.handleRequestAsync (/Users/maxin/maxin/learn/learn/node_modules/@expo/cli/src/start/server/middleware/FaviconMiddleware.ts:29:20)
    at internalMiddleware (/Users/maxin/maxin/learn/learn/node_modules/@expo/cli/src/start/server/middleware/ExpoMiddleware.ts:44:16)
λ  WARN  "shadow*" style props are deprecated. Use "boxShadow". 
  factory (app/(tabs)/index.tsx:1117:27)
λ  WARN  Route "./components/CircularProgress.tsx" is missing the required default export. Ensure a React component is exported as default. 
λ  WARN  Route "./components/Exercise.tsx" is missing the required default export. Ensure a React component is exported as default. 
λ  WARN  Route "./components/KnowledgePointModal.tsx" is missing the required default export. Ensure a React component is exported as default. 
λ  WARN  Route "./components/MasteryIndicator.tsx" is missing the required default export. Ensure a React component is exported as default. 
λ  WARN  Route "./components/Themed.tsx" is missing the required default export. Ensure a React component is exported as default. 
λ  WARN  Route "./components/ThemedText.tsx" is missing the required default export. Ensure a React component is exported as default. 
λ  WARN  Route "./constants/apiConfig.ts" is missing the required default export. Ensure a React component is exported as default. 
λ  WARN  Route "./hooks/useColorScheme.ts" is missing the required default export. Ensure a React component is exported as default. 
λ  WARN  Route "./hooks/useColorScheme.web.ts" is missing the required default export. Ensure a React component is exported as default. 
λ  WARN  Route "./hooks/useThemeColor.ts" is missing the required default export. Ensure a React component is exported as default. 
λ  WARN  Route "./services/authService.ts" is missing the required default export. Ensure a React component is exported as default. 
λ  WARN  Route "./services/errorBookService.ts" is missing the required default export. Ensure a React component is exported as default. 
λ  WARN  Route "./services/pointsService.ts" is missing the required default export. Ensure a React component is exported as default. 
λ  WARN  Route "./services/progressService.ts" is missing the required default export. Ensure a React component is exported as default. 
λ  WARN  Route "./utils/exerciseUtils.ts" is missing the required default export. Ensure a React component is exported as default. 
λ  LOG  [RootLayout] App not ready yet (fonts loading or initial route being determined). Returning null.
Web Bundled 1860ms node_modules/expo-router/entry.js (1 module)
Web Bundled 302ms node_modules/expo-router/entry.js (1 module)
Error: ENOENT: no such file or directory, open './assets/images/favicon.png'
    at Object.openSync (node:fs:603:3)
    at readFileSync (node:fs:471:35)
    at calculateHash (/Users/maxin/maxin/learn/learn/node_modules/@expo/image-utils/src/Cache.ts:13:73)
    at createCacheKey (/Users/maxin/maxin/learn/learn/node_modules/@expo/image-utils/src/Cache.ts:19:16)
    at Object.createCacheKeyWithDirectoryAsync (/Users/maxin/maxin/learn/learn/node_modules/@expo/image-utils/src/Cache.ts:34:31)
    at generateImageAsync (/Users/maxin/maxin/learn/learn/node_modules/@expo/image-utils/src/Image.ts:227:32)
    at getFaviconFromExpoConfigAsync (/Users/maxin/maxin/learn/learn/node_modules/@expo/cli/src/export/favicon.ts:83:24)
    at FaviconMiddleware.handleRequestAsync (/Users/maxin/maxin/learn/learn/node_modules/@expo/cli/src/start/server/middleware/FaviconMiddleware.ts:29:20)
    at internalMiddleware (/Users/maxin/maxin/learn/learn/node_modules/@expo/cli/src/start/server/middleware/ExpoMiddleware.ts:44:16)
 LOG  [web] Logs will appear in the browser console
Error: ENOENT: no such file or directory, open './assets/images/favicon.png'
    at Object.openSync (node:fs:603:3)
    at readFileSync (node:fs:471:35)
    at calculateHash (/Users/maxin/maxin/learn/learn/node_modules/@expo/image-utils/src/Cache.ts:13:73)
    at createCacheKey (/Users/maxin/maxin/learn/learn/node_modules/@expo/image-utils/src/Cache.ts:19:16)
    at Object.createCacheKeyWithDirectoryAsync (/Users/maxin/maxin/learn/learn/node_modules/@expo/image-utils/src/Cache.ts:34:31)
    at generateImageAsync (/Users/maxin/maxin/learn/learn/node_modules/@expo/image-utils/src/Image.ts:227:32)
    at getFaviconFromExpoConfigAsync (/Users/maxin/maxin/learn/learn/node_modules/@expo/cli/src/export/favicon.ts:83:24)
    at FaviconMiddleware.handleRequestAsync (/Users/maxin/maxin/learn/learn/node_modules/@expo/cli/src/start/server/middleware/FaviconMiddleware.ts:29:20)
    at internalMiddleware (/Users/maxin/maxin/learn/learn/node_modules/@expo/cli/src/start/server/middleware/ExpoMiddleware.ts:44:16)
Error: ENOENT: no such file or directory, open './assets/images/favicon.png'
    at Object.openSync (node:fs:603:3)
    at readFileSync (node:fs:471:35)
    at calculateHash (/Users/maxin/maxin/learn/learn/node_modules/@expo/image-utils/src/Cache.ts:13:73)
    at createCacheKey (/Users/maxin/maxin/learn/learn/node_modules/@expo/image-utils/src/Cache.ts:19:16)
    at Object.createCacheKeyWithDirectoryAsync (/Users/maxin/maxin/learn/learn/node_modules/@expo/image-utils/src/Cache.ts:34:31)
    at generateImageAsync (/Users/maxin/maxin/learn/learn/node_modules/@expo/image-utils/src/Image.ts:227:32)
    at getFaviconFromExpoConfigAsync (/Users/maxin/maxin/learn/learn/node_modules/@expo/cli/src/export/favicon.ts:83:24)
    at FaviconMiddleware.handleRequestAsync (/Users/maxin/maxin/learn/learn/node_modules/@expo/cli/src/start/server/middleware/FaviconMiddleware.ts:29:20)
    at internalMiddleware (/Users/maxin/maxin/learn/learn/node_modules/@expo/cli/src/start/server/middleware/ExpoMiddleware.ts:44:16)
Error: ENOENT: no such file or directory, open './assets/images/favicon.png'
    at Object.openSync (node:fs:603:3)
    at readFileSync (node:fs:471:35)
    at calculateHash (/Users/maxin/maxin/learn/learn/node_modules/@expo/image-utils/src/Cache.ts:13:73)
    at createCacheKey (/Users/maxin/maxin/learn/learn/node_modules/@expo/image-utils/src/Cache.ts:19:16)
    at Object.createCacheKeyWithDirectoryAsync (/Users/maxin/maxin/learn/learn/node_modules/@expo/image-utils/src/Cache.ts:34:31)
    at generateImageAsync (/Users/maxin/maxin/learn/learn/node_modules/@expo/image-utils/src/Image.ts:227:32)
    at getFaviconFromExpoConfigAsync (/Users/maxin/maxin/learn/learn/node_modules/@expo/cli/src/export/favicon.ts:83:24)
    at FaviconMiddleware.handleRequestAsync (/Users/maxin/maxin/learn/learn/node_modules/@expo/cli/src/start/server/middleware/FaviconMiddleware.ts:29:20)
    at internalMiddleware (/Users/maxin/maxin/learn/learn/node_modules/@expo/cli/src/start/server/middleware/ExpoMiddleware.ts:44:16)
Error: ENOENT: no such file or directory, open './assets/images/favicon.png'
    at Object.openSync (node:fs:603:3)
    at readFileSync (node:fs:471:35)
    at calculateHash (/Users/maxin/maxin/learn/learn/node_modules/@expo/image-utils/src/Cache.ts:13:73)
    at createCacheKey (/Users/maxin/maxin/learn/learn/node_modules/@expo/image-utils/src/Cache.ts:19:16)
    at Object.createCacheKeyWithDirectoryAsync (/Users/maxin/maxin/learn/learn/node_modules/@expo/image-utils/src/Cache.ts:34:31)
    at generateImageAsync (/Users/maxin/maxin/learn/learn/node_modules/@expo/image-utils/src/Image.ts:227:32)
    at getFaviconFromExpoConfigAsync (/Users/maxin/maxin/learn/learn/node_modules/@expo/cli/src/export/favicon.ts:83:24)
    at FaviconMiddleware.handleRequestAsync (/Users/maxin/maxin/learn/learn/node_modules/@expo/cli/src/start/server/middleware/FaviconMiddleware.ts:29:20)
    at internalMiddleware (/Users/maxin/maxin/learn/learn/node_modules/@expo/cli/src/start/server/middleware/ExpoMiddleware.ts:44:16)
Error: ENOENT: no such file or directory, open './assets/images/favicon.png'
    at Object.openSync (node:fs:603:3)
    at readFileSync (node:fs:471:35)
    at calculateHash (/Users/maxin/maxin/learn/learn/node_modules/@expo/image-utils/src/Cache.ts:13:73)
    at createCacheKey (/Users/maxin/maxin/learn/learn/node_modules/@expo/image-utils/src/Cache.ts:19:16)
    at Object.createCacheKeyWithDirectoryAsync (/Users/maxin/maxin/learn/learn/node_modules/@expo/image-utils/src/Cache.ts:34:31)
    at generateImageAsync (/Users/maxin/maxin/learn/learn/node_modules/@expo/image-utils/src/Image.ts:227:32)
    at getFaviconFromExpoConfigAsync (/Users/maxin/maxin/learn/learn/node_modules/@expo/cli/src/export/favicon.ts:83:24)
    at FaviconMiddleware.handleRequestAsync (/Users/maxin/maxin/learn/learn/node_modules/@expo/cli/src/start/server/middleware/FaviconMiddleware.ts:29:20)
    at internalMiddleware (/Users/maxin/maxin/learn/learn/node_modules/@expo/cli/src/start/server/middleware/ExpoMiddleware.ts:44:16)
Error: ENOENT: no such file or directory, open './assets/images/favicon.png'
    at Object.openSync (node:fs:603:3)
    at readFileSync (node:fs:471:35)
    at calculateHash (/Users/maxin/maxin/learn/learn/node_modules/@expo/image-utils/src/Cache.ts:13:73)
    at createCacheKey (/Users/maxin/maxin/learn/learn/node_modules/@expo/image-utils/src/Cache.ts:19:16)
    at Object.createCacheKeyWithDirectoryAsync (/Users/maxin/maxin/learn/learn/node_modules/@expo/image-utils/src/Cache.ts:34:31)
    at generateImageAsync (/Users/maxin/maxin/learn/learn/node_modules/@expo/image-utils/src/Image.ts:227:32)
    at getFaviconFromExpoConfigAsync (/Users/maxin/maxin/learn/learn/node_modules/@expo/cli/src/export/favicon.ts:83:24)
    at FaviconMiddleware.handleRequestAsync (/Users/maxin/maxin/learn/learn/node_modules/@expo/cli/src/start/server/middleware/FaviconMiddleware.ts:29:20)
    at internalMiddleware (/Users/maxin/maxin/learn/learn/node_modules/@expo/cli/src/start/server/middleware/ExpoMiddleware.ts:44:16)
Error: ENOENT: no such file or directory, open './assets/images/favicon.png'
    at Object.openSync (node:fs:603:3)
    at readFileSync (node:fs:471:35)
    at calculateHash (/Users/maxin/maxin/learn/learn/node_modules/@expo/image-utils/src/Cache.ts:13:73)
    at createCacheKey (/Users/maxin/maxin/learn/learn/node_modules/@expo/image-utils/src/Cache.ts:19:16)
    at Object.createCacheKeyWithDirectoryAsync (/Users/maxin/maxin/learn/learn/node_modules/@expo/image-utils/src/Cache.ts:34:31)
    at generateImageAsync (/Users/maxin/maxin/learn/learn/node_modules/@expo/image-utils/src/Image.ts:227:32)
    at getFaviconFromExpoConfigAsync (/Users/maxin/maxin/learn/learn/node_modules/@expo/cli/src/export/favicon.ts:83:24)
    at FaviconMiddleware.handleRequestAsync (/Users/maxin/maxin/learn/learn/node_modules/@expo/cli/src/start/server/middleware/FaviconMiddleware.ts:29:20)
    at internalMiddleware (/Users/maxin/maxin/learn/learn/node_modules/@expo/cli/src/start/server/middleware/ExpoMiddleware.ts:44:16)
Error: ENOENT: no such file or directory, open './assets/images/favicon.png'
    at Object.openSync (node:fs:603:3)
    at readFileSync (node:fs:471:35)
    at calculateHash (/Users/maxin/maxin/learn/learn/node_modules/@expo/image-utils/src/Cache.ts:13:73)
    at createCacheKey (/Users/maxin/maxin/learn/learn/node_modules/@expo/image-utils/src/Cache.ts:19:16)
    at Object.createCacheKeyWithDirectoryAsync (/Users/maxin/maxin/learn/learn/node_modules/@expo/image-utils/src/Cache.ts:34:31)
    at generateImageAsync (/Users/maxin/maxin/learn/learn/node_modules/@expo/image-utils/src/Image.ts:227:32)
    at getFaviconFromExpoConfigAsync (/Users/maxin/maxin/learn/learn/node_modules/@expo/cli/src/export/favicon.ts:83:24)
    at FaviconMiddleware.handleRequestAsync (/Users/maxin/maxin/learn/learn/node_modules/@expo/cli/src/start/server/middleware/FaviconMiddleware.ts:29:20)
    at internalMiddleware (/Users/maxin/maxin/learn/learn/node_modules/@expo/cli/src/start/server/middleware/ExpoMiddleware.ts:44:16)
Error: ENOENT: no such file or directory, open './assets/images/favicon.png'
    at Object.openSync (node:fs:603:3)
    at readFileSync (node:fs:471:35)
    at calculateHash (/Users/maxin/maxin/learn/learn/node_modules/@expo/image-utils/src/Cache.ts:13:73)
    at createCacheKey (/Users/maxin/maxin/learn/learn/node_modules/@expo/image-utils/src/Cache.ts:19:16)
    at Object.createCacheKeyWithDirectoryAsync (/Users/maxin/maxin/learn/learn/node_modules/@expo/image-utils/src/Cache.ts:34:31)
    at generateImageAsync (/Users/maxin/maxin/learn/learn/node_modules/@expo/image-utils/src/Image.ts:227:32)
    at getFaviconFromExpoConfigAsync (/Users/maxin/maxin/learn/learn/node_modules/@expo/cli/src/export/favicon.ts:83:24)
    at FaviconMiddleware.handleRequestAsync (/Users/maxin/maxin/learn/learn/node_modules/@expo/cli/src/start/server/middleware/FaviconMiddleware.ts:29:20)
    at internalMiddleware (/Users/maxin/maxin/learn/learn/node_modules/@expo/cli/src/start/server/middleware/ExpoMiddleware.ts:44:16)
Error: ENOENT: no such file or directory, open './assets/images/favicon.png'
    at Object.openSync (node:fs:603:3)
    at readFileSync (node:fs:471:35)
    at calculateHash (/Users/maxin/maxin/learn/learn/node_modules/@expo/image-utils/src/Cache.ts:13:73)
    at createCacheKey (/Users/maxin/maxin/learn/learn/node_modules/@expo/image-utils/src/Cache.ts:19:16)
    at Object.createCacheKeyWithDirectoryAsync (/Users/maxin/maxin/learn/learn/node_modules/@expo/image-utils/src/Cache.ts:34:31)
    at generateImageAsync (/Users/maxin/maxin/learn/learn/node_modules/@expo/image-utils/src/Image.ts:227:32)
    at getFaviconFromExpoConfigAsync (/Users/maxin/maxin/learn/learn/node_modules/@expo/cli/src/export/favicon.ts:83:24)
    at FaviconMiddleware.handleRequestAsync (/Users/maxin/maxin/learn/learn/node_modules/@expo/cli/src/start/server/middleware/FaviconMiddleware.ts:29:20)
    at internalMiddleware (/Users/maxin/maxin/learn/learn/node_modules/@expo/cli/src/start/server/middleware/ExpoMiddleware.ts:44:16)
Error: ENOENT: no such file or directory, open './assets/images/favicon.png'
    at Object.openSync (node:fs:603:3)
    at readFileSync (node:fs:471:35)
    at calculateHash (/Users/maxin/maxin/learn/learn/node_modules/@expo/image-utils/src/Cache.ts:13:73)
    at createCacheKey (/Users/maxin/maxin/learn/learn/node_modules/@expo/image-utils/src/Cache.ts:19:16)
    at Object.createCacheKeyWithDirectoryAsync (/Users/maxin/maxin/learn/learn/node_modules/@expo/image-utils/src/Cache.ts:34:31)
    at generateImageAsync (/Users/maxin/maxin/learn/learn/node_modules/@expo/image-utils/src/Image.ts:227:32)
    at getFaviconFromExpoConfigAsync (/Users/maxin/maxin/learn/learn/node_modules/@expo/cli/src/export/favicon.ts:83:24)
    at FaviconMiddleware.handleRequestAsync (/Users/maxin/maxin/learn/learn/node_modules/@expo/cli/src/start/server/middleware/FaviconMiddleware.ts:29:20)
    at internalMiddleware (/Users/maxin/maxin/learn/learn/node_modules/@expo/cli/src/start/server/middleware/ExpoMiddleware.ts:44:16)
Error: ENOENT: no such file or directory, open './assets/images/favicon.png'
    at Object.openSync (node:fs:603:3)
    at readFileSync (node:fs:471:35)
    at calculateHash (/Users/maxin/maxin/learn/learn/node_modules/@expo/image-utils/src/Cache.ts:13:73)
    at createCacheKey (/Users/maxin/maxin/learn/learn/node_modules/@expo/image-utils/src/Cache.ts:19:16)
    at Object.createCacheKeyWithDirectoryAsync (/Users/maxin/maxin/learn/learn/node_modules/@expo/image-utils/src/Cache.ts:34:31)
    at generateImageAsync (/Users/maxin/maxin/learn/learn/node_modules/@expo/image-utils/src/Image.ts:227:32)
    at getFaviconFromExpoConfigAsync (/Users/maxin/maxin/learn/learn/node_modules/@expo/cli/src/export/favicon.ts:83:24)
    at FaviconMiddleware.handleRequestAsync (/Users/maxin/maxin/learn/learn/node_modules/@expo/cli/src/start/server/middleware/FaviconMiddleware.ts:29:20)
    at internalMiddleware (/Users/maxin/maxin/learn/learn/node_modules/@expo/cli/src/start/server/middleware/ExpoMiddleware.ts:44:16)
Error: ENOENT: no such file or directory, open './assets/images/favicon.png'
    at Object.openSync (node:fs:603:3)
    at readFileSync (node:fs:471:35)
    at calculateHash (/Users/maxin/maxin/learn/learn/node_modules/@expo/image-utils/src/Cache.ts:13:73)
    at createCacheKey (/Users/maxin/maxin/learn/learn/node_modules/@expo/image-utils/src/Cache.ts:19:16)
    at Object.createCacheKeyWithDirectoryAsync (/Users/maxin/maxin/learn/learn/node_modules/@expo/image-utils/src/Cache.ts:34:31)
    at generateImageAsync (/Users/maxin/maxin/learn/learn/node_modules/@expo/image-utils/src/Image.ts:227:32)
    at getFaviconFromExpoConfigAsync (/Users/maxin/maxin/learn/learn/node_modules/@expo/cli/src/export/favicon.ts:83:24)
    at FaviconMiddleware.handleRequestAsync (/Users/maxin/maxin/learn/learn/node_modules/@expo/cli/src/start/server/middleware/FaviconMiddleware.ts:29:20)
    at internalMiddleware (/Users/maxin/maxin/learn/learn/node_modules/@expo/cli/src/start/server/middleware/ExpoMiddleware.ts:44:16)
Error: ENOENT: no such file or directory, open './assets/images/favicon.png'
    at Object.openSync (node:fs:603:3)
    at readFileSync (node:fs:471:35)
    at calculateHash (/Users/maxin/maxin/learn/learn/node_modules/@expo/image-utils/src/Cache.ts:13:73)
    at createCacheKey (/Users/maxin/maxin/learn/learn/node_modules/@expo/image-utils/src/Cache.ts:19:16)
    at Object.createCacheKeyWithDirectoryAsync (/Users/maxin/maxin/learn/learn/node_modules/@expo/image-utils/src/Cache.ts:34:31)
    at generateImageAsync (/Users/maxin/maxin/learn/learn/node_modules/@expo/image-utils/src/Image.ts:227:32)
    at getFaviconFromExpoConfigAsync (/Users/maxin/maxin/learn/learn/node_modules/@expo/cli/src/export/favicon.ts:83:24)
    at FaviconMiddleware.handleRequestAsync (/Users/maxin/maxin/learn/learn/node_modules/@expo/cli/src/start/server/middleware/FaviconMiddleware.ts:29:20)
    at internalMiddleware (/Users/maxin/maxin/learn/learn/node_modules/@expo/cli/src/start/server/middleware/ExpoMiddleware.ts:44:16)
Error: ENOENT: no such file or directory, open './assets/images/favicon.png'
    at Object.openSync (node:fs:603:3)
    at readFileSync (node:fs:471:35)
    at calculateHash (/Users/maxin/maxin/learn/learn/node_modules/@expo/image-utils/src/Cache.ts:13:73)
    at createCacheKey (/Users/maxin/maxin/learn/learn/node_modules/@expo/image-utils/src/Cache.ts:19:16)
    at Object.createCacheKeyWithDirectoryAsync (/Users/maxin/maxin/learn/learn/node_modules/@expo/image-utils/src/Cache.ts:34:31)
    at generateImageAsync (/Users/maxin/maxin/learn/learn/node_modules/@expo/image-utils/src/Image.ts:227:32)
    at getFaviconFromExpoConfigAsync (/Users/maxin/maxin/learn/learn/node_modules/@expo/cli/src/export/favicon.ts:83:24)
    at FaviconMiddleware.handleRequestAsync (/Users/maxin/maxin/learn/learn/node_modules/@expo/cli/src/start/server/middleware/FaviconMiddleware.ts:29:20)
    at internalMiddleware (/Users/maxin/maxin/learn/learn/node_modules/@expo/cli/src/start/server/middleware/ExpoMiddleware.ts:44:16)
Error: ENOENT: no such file or directory, open './assets/images/favicon.png'
    at Object.openSync (node:fs:603:3)
    at readFileSync (node:fs:471:35)
    at calculateHash (/Users/maxin/maxin/learn/learn/node_modules/@expo/image-utils/src/Cache.ts:13:73)
    at createCacheKey (/Users/maxin/maxin/learn/learn/node_modules/@expo/image-utils/src/Cache.ts:19:16)
    at Object.createCacheKeyWithDirectoryAsync (/Users/maxin/maxin/learn/learn/node_modules/@expo/image-utils/src/Cache.ts:34:31)
    at generateImageAsync (/Users/maxin/maxin/learn/learn/node_modules/@expo/image-utils/src/Image.ts:227:32)
    at getFaviconFromExpoConfigAsync (/Users/maxin/maxin/learn/learn/node_modules/@expo/cli/src/export/favicon.ts:83:24)
    at FaviconMiddleware.handleRequestAsync (/Users/maxin/maxin/learn/learn/node_modules/@expo/cli/src/start/server/middleware/FaviconMiddleware.ts:29:20)
    at internalMiddleware (/Users/maxin/maxin/learn/learn/node_modules/@expo/cli/src/start/server/middleware/ExpoMiddleware.ts:44:16)
Error: ENOENT: no such file or directory, open './assets/images/favicon.png'
    at Object.openSync (node:fs:603:3)
    at readFileSync (node:fs:471:35)
    at calculateHash (/Users/maxin/maxin/learn/learn/node_modules/@expo/image-utils/src/Cache.ts:13:73)
    at createCacheKey (/Users/maxin/maxin/learn/learn/node_modules/@expo/image-utils/src/Cache.ts:19:16)
    at Object.createCacheKeyWithDirectoryAsync (/Users/maxin/maxin/learn/learn/node_modules/@expo/image-utils/src/Cache.ts:34:31)
    at generateImageAsync (/Users/maxin/maxin/learn/learn/node_modules/@expo/image-utils/src/Image.ts:227:32)
    at getFaviconFromExpoConfigAsync (/Users/maxin/maxin/learn/learn/node_modules/@expo/cli/src/export/favicon.ts:83:24)
    at FaviconMiddleware.handleRequestAsync (/Users/maxin/maxin/learn/learn/node_modules/@expo/cli/src/start/server/middleware/FaviconMiddleware.ts:29:20)
    at internalMiddleware (/Users/maxin/maxin/learn/learn/node_modules/@expo/cli/src/start/server/middleware/ExpoMiddleware.ts:44:16)
Error: ENOENT: no such file or directory, open './assets/images/favicon.png'
    at Object.openSync (node:fs:603:3)
    at readFileSync (node:fs:471:35)
    at calculateHash (/Users/maxin/maxin/learn/learn/node_modules/@expo/image-utils/src/Cache.ts:13:73)
    at createCacheKey (/Users/maxin/maxin/learn/learn/node_modules/@expo/image-utils/src/Cache.ts:19:16)
    at Object.createCacheKeyWithDirectoryAsync (/Users/maxin/maxin/learn/learn/node_modules/@expo/image-utils/src/Cache.ts:34:31)
    at generateImageAsync (/Users/maxin/maxin/learn/learn/node_modules/@expo/image-utils/src/Image.ts:227:32)
    at getFaviconFromExpoConfigAsync (/Users/maxin/maxin/learn/learn/node_modules/@expo/cli/src/export/favicon.ts:83:24)
    at FaviconMiddleware.handleRequestAsync (/Users/maxin/maxin/learn/learn/node_modules/@expo/cli/src/start/server/middleware/FaviconMiddleware.ts:29:20)
    at internalMiddleware (/Users/maxin/maxin/learn/learn/node_modules/@expo/cli/src/start/server/middleware/ExpoMiddleware.ts:44:16)
Error: ENOENT: no such file or directory, open './assets/images/favicon.png'
    at Object.openSync (node:fs:603:3)
    at readFileSync (node:fs:471:35)
    at calculateHash (/Users/maxin/maxin/learn/learn/node_modules/@expo/image-utils/src/Cache.ts:13:73)
    at createCacheKey (/Users/maxin/maxin/learn/learn/node_modules/@expo/image-utils/src/Cache.ts:19:16)
    at Object.createCacheKeyWithDirectoryAsync (/Users/maxin/maxin/learn/learn/node_modules/@expo/image-utils/src/Cache.ts:34:31)
    at generateImageAsync (/Users/maxin/maxin/learn/learn/node_modules/@expo/image-utils/src/Image.ts:227:32)
    at getFaviconFromExpoConfigAsync (/Users/maxin/maxin/learn/learn/node_modules/@expo/cli/src/export/favicon.ts:83:24)
    at FaviconMiddleware.handleRequestAsync (/Users/maxin/maxin/learn/learn/node_modules/@expo/cli/src/start/server/middleware/FaviconMiddleware.ts:29:20)
    at internalMiddleware (/Users/maxin/maxin/learn/learn/node_modules/@expo/cli/src/start/server/middleware/ExpoMiddleware.ts:44:16)
Error: ENOENT: no such file or directory, open './assets/images/favicon.png'
    at Object.openSync (node:fs:603:3)
    at readFileSync (node:fs:471:35)
    at calculateHash (/Users/maxin/maxin/learn/learn/node_modules/@expo/image-utils/src/Cache.ts:13:73)
    at createCacheKey (/Users/maxin/maxin/learn/learn/node_modules/@expo/image-utils/src/Cache.ts:19:16)
    at Object.createCacheKeyWithDirectoryAsync (/Users/maxin/maxin/learn/learn/node_modules/@expo/image-utils/src/Cache.ts:34:31)
    at generateImageAsync (/Users/maxin/maxin/learn/learn/node_modules/@expo/image-utils/src/Image.ts:227:32)
    at getFaviconFromExpoConfigAsync (/Users/maxin/maxin/learn/learn/node_modules/@expo/cli/src/export/favicon.ts:83:24)
    at FaviconMiddleware.handleRequestAsync (/Users/maxin/maxin/learn/learn/node_modules/@expo/cli/src/start/server/middleware/FaviconMiddleware.ts:29:20)
    at internalMiddleware (/Users/maxin/maxin/learn/learn/node_modules/@expo/cli/src/start/server/middleware/ExpoMiddleware.ts:44:16)
Error: ENOENT: no such file or directory, open './assets/images/favicon.png'
    at Object.openSync (node:fs:603:3)
    at readFileSync (node:fs:471:35)
    at calculateHash (/Users/maxin/maxin/learn/learn/node_modules/@expo/image-utils/src/Cache.ts:13:73)
    at createCacheKey (/Users/maxin/maxin/learn/learn/node_modules/@expo/image-utils/src/Cache.ts:19:16)
    at Object.createCacheKeyWithDirectoryAsync (/Users/maxin/maxin/learn/learn/node_modules/@expo/image-utils/src/Cache.ts:34:31)
    at generateImageAsync (/Users/maxin/maxin/learn/learn/node_modules/@expo/image-utils/src/Image.ts:227:32)
    at getFaviconFromExpoConfigAsync (/Users/maxin/maxin/learn/learn/node_modules/@expo/cli/src/export/favicon.ts:83:24)
    at FaviconMiddleware.handleRequestAsync (/Users/maxin/maxin/learn/learn/node_modules/@expo/cli/src/start/server/middleware/FaviconMiddleware.ts:29:20)
    at internalMiddleware (/Users/maxin/maxin/learn/learn/node_modules/@expo/cli/src/start/server/middleware/ExpoMiddleware.ts:44:16)
Error: ENOENT: no such file or directory, open './assets/images/favicon.png'
    at Object.openSync (node:fs:603:3)
    at readFileSync (node:fs:471:35)
    at calculateHash (/Users/maxin/maxin/learn/learn/node_modules/@expo/image-utils/src/Cache.ts:13:73)
    at createCacheKey (/Users/maxin/maxin/learn/learn/node_modules/@expo/image-utils/src/Cache.ts:19:16)
    at Object.createCacheKeyWithDirectoryAsync (/Users/maxin/maxin/learn/learn/node_modules/@expo/image-utils/src/Cache.ts:34:31)
    at generateImageAsync (/Users/maxin/maxin/learn/learn/node_modules/@expo/image-utils/src/Image.ts:227:32)
    at getFaviconFromExpoConfigAsync (/Users/maxin/maxin/learn/learn/node_modules/@expo/cli/src/export/favicon.ts:83:24)
    at FaviconMiddleware.handleRequestAsync (/Users/maxin/maxin/learn/learn/node_modules/@expo/cli/src/start/server/middleware/FaviconMiddleware.ts:29:20)
    at internalMiddleware (/Users/maxin/maxin/learn/learn/node_modules/@expo/cli/src/start/server/middleware/ExpoMiddleware.ts:44:16)
Error: ENOENT: no such file or directory, open './assets/images/favicon.png'
    at Object.openSync (node:fs:603:3)
    at readFileSync (node:fs:471:35)
    at calculateHash (/Users/maxin/maxin/learn/learn/node_modules/@expo/image-utils/src/Cache.ts:13:73)
    at createCacheKey (/Users/maxin/maxin/learn/learn/node_modules/@expo/image-utils/src/Cache.ts:19:16)
    at Object.createCacheKeyWithDirectoryAsync (/Users/maxin/maxin/learn/learn/node_modules/@expo/image-utils/src/Cache.ts:34:31)
    at generateImageAsync (/Users/maxin/maxin/learn/learn/node_modules/@expo/image-utils/src/Image.ts:227:32)
    at getFaviconFromExpoConfigAsync (/Users/maxin/maxin/learn/learn/node_modules/@expo/cli/src/export/favicon.ts:83:24)
    at FaviconMiddleware.handleRequestAsync (/Users/maxin/maxin/learn/learn/node_modules/@expo/cli/src/start/server/middleware/FaviconMiddleware.ts:29:20)
    at internalMiddleware (/Users/maxin/maxin/learn/learn/node_modules/@expo/cli/src/start/server/middleware/ExpoMiddleware.ts:44:16)
Error: ENOENT: no such file or directory, open './assets/images/favicon.png'
    at Object.openSync (node:fs:603:3)
    at readFileSync (node:fs:471:35)
    at calculateHash (/Users/maxin/maxin/learn/learn/node_modules/@expo/image-utils/src/Cache.ts:13:73)
    at createCacheKey (/Users/maxin/maxin/learn/learn/node_modules/@expo/image-utils/src/Cache.ts:19:16)
    at Object.createCacheKeyWithDirectoryAsync (/Users/maxin/maxin/learn/learn/node_modules/@expo/image-utils/src/Cache.ts:34:31)
    at generateImageAsync (/Users/maxin/maxin/learn/learn/node_modules/@expo/image-utils/src/Image.ts:227:32)
    at getFaviconFromExpoConfigAsync (/Users/maxin/maxin/learn/learn/node_modules/@expo/cli/src/export/favicon.ts:83:24)
    at FaviconMiddleware.handleRequestAsync (/Users/maxin/maxin/learn/learn/node_modules/@expo/cli/src/start/server/middleware/FaviconMiddleware.ts:29:20)
    at internalMiddleware (/Users/maxin/maxin/learn/learn/node_modules/@expo/cli/src/start/server/middleware/ExpoMiddleware.ts:44:16)
Error: ENOENT: no such file or directory, open './assets/images/favicon.png'
    at Object.openSync (node:fs:603:3)
    at readFileSync (node:fs:471:35)
    at calculateHash (/Users/maxin/maxin/learn/learn/node_modules/@expo/image-utils/src/Cache.ts:13:73)
    at createCacheKey (/Users/maxin/maxin/learn/learn/node_modules/@expo/image-utils/src/Cache.ts:19:16)
    at Object.createCacheKeyWithDirectoryAsync (/Users/maxin/maxin/learn/learn/node_modules/@expo/image-utils/src/Cache.ts:34:31)
    at generateImageAsync (/Users/maxin/maxin/learn/learn/node_modules/@expo/image-utils/src/Image.ts:227:32)
    at getFaviconFromExpoConfigAsync (/Users/maxin/maxin/learn/learn/node_modules/@expo/cli/src/export/favicon.ts:83:24)
    at FaviconMiddleware.handleRequestAsync (/Users/maxin/maxin/learn/learn/node_modules/@expo/cli/src/start/server/middleware/FaviconMiddleware.ts:29:20)
    at internalMiddleware (/Users/maxin/maxin/learn/learn/node_modules/@expo/cli/src/start/server/middleware/ExpoMiddleware.ts:44:16)
Error: ENOENT: no such file or directory, open './assets/images/favicon.png'
    at Object.openSync (node:fs:603:3)
    at readFileSync (node:fs:471:35)
    at calculateHash (/Users/maxin/maxin/learn/learn/node_modules/@expo/image-utils/src/Cache.ts:13:73)
    at createCacheKey (/Users/maxin/maxin/learn/learn/node_modules/@expo/image-utils/src/Cache.ts:19:16)
    at Object.createCacheKeyWithDirectoryAsync (/Users/maxin/maxin/learn/learn/node_modules/@expo/image-utils/src/Cache.ts:34:31)
    at generateImageAsync (/Users/maxin/maxin/learn/learn/node_modules/@expo/image-utils/src/Image.ts:227:32)
    at getFaviconFromExpoConfigAsync (/Users/maxin/maxin/learn/learn/node_modules/@expo/cli/src/export/favicon.ts:83:24)
    at FaviconMiddleware.handleRequestAsync (/Users/maxin/maxin/learn/learn/node_modules/@expo/cli/src/start/server/middleware/FaviconMiddleware.ts:29:20)
    at internalMiddleware (/Users/maxin/maxin/learn/learn/node_modules/@expo/cli/src/start/server/middleware/ExpoMiddleware.ts:44:16)
Error: ENOENT: no such file or directory, open './assets/images/favicon.png'
    at Object.openSync (node:fs:603:3)
    at readFileSync (node:fs:471:35)
    at calculateHash (/Users/maxin/maxin/learn/learn/node_modules/@expo/image-utils/src/Cache.ts:13:73)
    at createCacheKey (/Users/maxin/maxin/learn/learn/node_modules/@expo/image-utils/src/Cache.ts:19:16)
    at Object.createCacheKeyWithDirectoryAsync (/Users/maxin/maxin/learn/learn/node_modules/@expo/image-utils/src/Cache.ts:34:31)
    at generateImageAsync (/Users/maxin/maxin/learn/learn/node_modules/@expo/image-utils/src/Image.ts:227:32)
    at getFaviconFromExpoConfigAsync (/Users/maxin/maxin/learn/learn/node_modules/@expo/cli/src/export/favicon.ts:83:24)
    at FaviconMiddleware.handleRequestAsync (/Users/maxin/maxin/learn/learn/node_modules/@expo/cli/src/start/server/middleware/FaviconMiddleware.ts:29:20)
    at internalMiddleware (/Users/maxin/maxin/learn/learn/node_modules/@expo/cli/src/start/server/middleware/ExpoMiddleware.ts:44:16)
Error: ENOENT: no such file or directory, open './assets/images/favicon.png'
    at Object.openSync (node:fs:603:3)
    at readFileSync (node:fs:471:35)
    at calculateHash (/Users/maxin/maxin/learn/learn/node_modules/@expo/image-utils/src/Cache.ts:13:73)
    at createCacheKey (/Users/maxin/maxin/learn/learn/node_modules/@expo/image-utils/src/Cache.ts:19:16)
    at Object.createCacheKeyWithDirectoryAsync (/Users/maxin/maxin/learn/learn/node_modules/@expo/image-utils/src/Cache.ts:34:31)
    at generateImageAsync (/Users/maxin/maxin/learn/learn/node_modules/@expo/image-utils/src/Image.ts:227:32)
    at getFaviconFromExpoConfigAsync (/Users/maxin/maxin/learn/learn/node_modules/@expo/cli/src/export/favicon.ts:83:24)
    at FaviconMiddleware.handleRequestAsync (/Users/maxin/maxin/learn/learn/node_modules/@expo/cli/src/start/server/middleware/FaviconMiddleware.ts:29:20)
    at internalMiddleware (/Users/maxin/maxin/learn/learn/node_modules/@expo/cli/src/start/server/middleware/ExpoMiddleware.ts:44:16)
Error: ENOENT: no such file or directory, open './assets/images/favicon.png'
    at Object.openSync (node:fs:603:3)
    at readFileSync (node:fs:471:35)
    at calculateHash (/Users/maxin/maxin/learn/learn/node_modules/@expo/image-utils/src/Cache.ts:13:73)
    at createCacheKey (/Users/maxin/maxin/learn/learn/node_modules/@expo/image-utils/src/Cache.ts:19:16)
    at Object.createCacheKeyWithDirectoryAsync (/Users/maxin/maxin/learn/learn/node_modules/@expo/image-utils/src/Cache.ts:34:31)
    at generateImageAsync (/Users/maxin/maxin/learn/learn/node_modules/@expo/image-utils/src/Image.ts:227:32)
    at getFaviconFromExpoConfigAsync (/Users/maxin/maxin/learn/learn/node_modules/@expo/cli/src/export/favicon.ts:83:24)
    at FaviconMiddleware.handleRequestAsync (/Users/maxin/maxin/learn/learn/node_modules/@expo/cli/src/start/server/middleware/FaviconMiddleware.ts:29:20)
    at internalMiddleware (/Users/maxin/maxin/learn/learn/node_modules/@expo/cli/src/start/server/middleware/ExpoMiddleware.ts:44:16)
Error: ENOENT: no such file or directory, open './assets/images/favicon.png'
    at Object.openSync (node:fs:603:3)
    at readFileSync (node:fs:471:35)
    at calculateHash (/Users/maxin/maxin/learn/learn/node_modules/@expo/image-utils/src/Cache.ts:13:73)
    at createCacheKey (/Users/maxin/maxin/learn/learn/node_modules/@expo/image-utils/src/Cache.ts:19:16)
    at Object.createCacheKeyWithDirectoryAsync (/Users/maxin/maxin/learn/learn/node_modules/@expo/image-utils/src/Cache.ts:34:31)
    at generateImageAsync (/Users/maxin/maxin/learn/learn/node_modules/@expo/image-utils/src/Image.ts:227:32)
    at getFaviconFromExpoConfigAsync (/Users/maxin/maxin/learn/learn/node_modules/@expo/cli/src/export/favicon.ts:83:24)
    at FaviconMiddleware.handleRequestAsync (/Users/maxin/maxin/learn/learn/node_modules/@expo/cli/src/start/server/middleware/FaviconMiddleware.ts:29:20)
    at internalMiddleware (/Users/maxin/maxin/learn/learn/node_modules/@expo/cli/src/start/server/middleware/ExpoMiddleware.ts:44:16)
Error: ENOENT: no such file or directory, open './assets/images/favicon.png'
    at Object.openSync (node:fs:603:3)
    at readFileSync (node:fs:471:35)
    at calculateHash (/Users/maxin/maxin/learn/learn/node_modules/@expo/image-utils/src/Cache.ts:13:73)
    at createCacheKey (/Users/maxin/maxin/learn/learn/node_modules/@expo/image-utils/src/Cache.ts:19:16)
    at Object.createCacheKeyWithDirectoryAsync (/Users/maxin/maxin/learn/learn/node_modules/@expo/image-utils/src/Cache.ts:34:31)
    at generateImageAsync (/Users/maxin/maxin/learn/learn/node_modules/@expo/image-utils/src/Image.ts:227:32)
    at getFaviconFromExpoConfigAsync (/Users/maxin/maxin/learn/learn/node_modules/@expo/cli/src/export/favicon.ts:83:24)
    at FaviconMiddleware.handleRequestAsync (/Users/maxin/maxin/learn/learn/node_modules/@expo/cli/src/start/server/middleware/FaviconMiddleware.ts:29:20)
    at internalMiddleware (/Users/maxin/maxin/learn/learn/node_modules/@expo/cli/src/start/server/middleware/ExpoMiddleware.ts:44:16)
Error: ENOENT: no such file or directory, open './assets/images/favicon.png'
    at Object.openSync (node:fs:603:3)
    at readFileSync (node:fs:471:35)
    at calculateHash (/Users/maxin/maxin/learn/learn/node_modules/@expo/image-utils/src/Cache.ts:13:73)
    at createCacheKey (/Users/maxin/maxin/learn/learn/node_modules/@expo/image-utils/src/Cache.ts:19:16)
    at Object.createCacheKeyWithDirectoryAsync (/Users/maxin/maxin/learn/learn/node_modules/@expo/image-utils/src/Cache.ts:34:31)
    at generateImageAsync (/Users/maxin/maxin/learn/learn/node_modules/@expo/image-utils/src/Image.ts:227:32)
    at getFaviconFromExpoConfigAsync (/Users/maxin/maxin/learn/learn/node_modules/@expo/cli/src/export/favicon.ts:83:24)
    at FaviconMiddleware.handleRequestAsync (/Users/maxin/maxin/learn/learn/node_modules/@expo/cli/src/start/server/middleware/FaviconMiddleware.ts:29:20)
    at internalMiddleware (/Users/maxin/maxin/learn/learn/node_modules/@expo/cli/src/start/server/middleware/ExpoMiddleware.ts:44:16)
Error: ENOENT: no such file or directory, open './assets/images/favicon.png'
    at Object.openSync (node:fs:603:3)
    at readFileSync (node:fs:471:35)
    at calculateHash (/Users/maxin/maxin/learn/learn/node_modules/@expo/image-utils/src/Cache.ts:13:73)
    at createCacheKey (/Users/maxin/maxin/learn/learn/node_modules/@expo/image-utils/src/Cache.ts:19:16)
    at Object.createCacheKeyWithDirectoryAsync (/Users/maxin/maxin/learn/learn/node_modules/@expo/image-utils/src/Cache.ts:34:31)
    at generateImageAsync (/Users/maxin/maxin/learn/learn/node_modules/@expo/image-utils/src/Image.ts:227:32)
    at getFaviconFromExpoConfigAsync (/Users/maxin/maxin/learn/learn/node_modules/@expo/cli/src/export/favicon.ts:83:24)
    at FaviconMiddleware.handleRequestAsync (/Users/maxin/maxin/learn/learn/node_modules/@expo/cli/src/start/server/middleware/FaviconMiddleware.ts:29:20)
    at internalMiddleware (/Users/maxin/maxin/learn/learn/node_modules/@expo/cli/src/start/server/middleware/ExpoMiddleware.ts:44:16)
Error: ENOENT: no such file or directory, open './assets/images/favicon.png'
    at Object.openSync (node:fs:603:3)
    at readFileSync (node:fs:471:35)
    at calculateHash (/Users/maxin/maxin/learn/learn/node_modules/@expo/image-utils/src/Cache.ts:13:73)
    at createCacheKey (/Users/maxin/maxin/learn/learn/node_modules/@expo/image-utils/src/Cache.ts:19:16)
    at Object.createCacheKeyWithDirectoryAsync (/Users/maxin/maxin/learn/learn/node_modules/@expo/image-utils/src/Cache.ts:34:31)
    at generateImageAsync (/Users/maxin/maxin/learn/learn/node_modules/@expo/image-utils/src/Image.ts:227:32)
    at getFaviconFromExpoConfigAsync (/Users/maxin/maxin/learn/learn/node_modules/@expo/cli/src/export/favicon.ts:83:24)
    at FaviconMiddleware.handleRequestAsync (/Users/maxin/maxin/learn/learn/node_modules/@expo/cli/src/start/server/middleware/FaviconMiddleware.ts:29:20)
    at internalMiddleware (/Users/maxin/maxin/learn/learn/node_modules/@expo/cli/src/start/server/middleware/ExpoMiddleware.ts:44:16)
Error: ENOENT: no such file or directory, open './assets/images/favicon.png'
    at Object.openSync (node:fs:603:3)
    at readFileSync (node:fs:471:35)
    at calculateHash (/Users/maxin/maxin/learn/learn/node_modules/@expo/image-utils/src/Cache.ts:13:73)
    at createCacheKey (/Users/maxin/maxin/learn/learn/node_modules/@expo/image-utils/src/Cache.ts:19:16)
    at Object.createCacheKeyWithDirectoryAsync (/Users/maxin/maxin/learn/learn/node_modules/@expo/image-utils/src/Cache.ts:34:31)
    at generateImageAsync (/Users/maxin/maxin/learn/learn/node_modules/@expo/image-utils/src/Image.ts:227:32)
    at getFaviconFromExpoConfigAsync (/Users/maxin/maxin/learn/learn/node_modules/@expo/cli/src/export/favicon.ts:83:24)
    at FaviconMiddleware.handleRequestAsync (/Users/maxin/maxin/learn/learn/node_modules/@expo/cli/src/start/server/middleware/FaviconMiddleware.ts:29:20)
    at internalMiddleware (/Users/maxin/maxin/learn/learn/node_modules/@expo/cli/src/start/server/middleware/ExpoMiddleware.ts:44:16)
Error: ENOENT: no such file or directory, open './assets/images/favicon.png'
    at Object.openSync (node:fs:603:3)
    at readFileSync (node:fs:471:35)
    at calculateHash (/Users/maxin/maxin/learn/learn/node_modules/@expo/image-utils/src/Cache.ts:13:73)
    at createCacheKey (/Users/maxin/maxin/learn/learn/node_modules/@expo/image-utils/src/Cache.ts:19:16)
    at Object.createCacheKeyWithDirectoryAsync (/Users/maxin/maxin/learn/learn/node_modules/@expo/image-utils/src/Cache.ts:34:31)
    at generateImageAsync (/Users/maxin/maxin/learn/learn/node_modules/@expo/image-utils/src/Image.ts:227:32)
    at getFaviconFromExpoConfigAsync (/Users/maxin/maxin/learn/learn/node_modules/@expo/cli/src/export/favicon.ts:83:24)
    at FaviconMiddleware.handleRequestAsync (/Users/maxin/maxin/learn/learn/node_modules/@expo/cli/src/start/server/middleware/FaviconMiddleware.ts:29:20)
    at internalMiddleware (/Users/maxin/maxin/learn/learn/node_modules/@expo/cli/src/start/server/middleware/ExpoMiddleware.ts:44:16)
Error: ENOENT: no such file or directory, open './assets/images/favicon.png'
    at Object.openSync (node:fs:603:3)
    at readFileSync (node:fs:471:35)
    at calculateHash (/Users/maxin/maxin/learn/learn/node_modules/@expo/image-utils/src/Cache.ts:13:73)
    at createCacheKey (/Users/maxin/maxin/learn/learn/node_modules/@expo/image-utils/src/Cache.ts:19:16)
    at Object.createCacheKeyWithDirectoryAsync (/Users/maxin/maxin/learn/learn/node_modules/@expo/image-utils/src/Cache.ts:34:31)
    at generateImageAsync (/Users/maxin/maxin/learn/learn/node_modules/@expo/image-utils/src/Image.ts:227:32)
    at getFaviconFromExpoConfigAsync (/Users/maxin/maxin/learn/learn/node_modules/@expo/cli/src/export/favicon.ts:83:24)
    at FaviconMiddleware.handleRequestAsync (/Users/maxin/maxin/learn/learn/node_modules/@expo/cli/src/start/server/middleware/FaviconMiddleware.ts:29:20)
    at internalMiddleware (/Users/maxin/maxin/learn/learn/node_modules/@expo/cli/src/start/server/middleware/ExpoMiddleware.ts:44:16)
Error: ENOENT: no such file or directory, open './assets/images/favicon.png'
    at Object.openSync (node:fs:603:3)
    at readFileSync (node:fs:471:35)
    at calculateHash (/Users/maxin/maxin/learn/learn/node_modules/@expo/image-utils/src/Cache.ts:13:73)
    at createCacheKey (/Users/maxin/maxin/learn/learn/node_modules/@expo/image-utils/src/Cache.ts:19:16)
    at Object.createCacheKeyWithDirectoryAsync (/Users/maxin/maxin/learn/learn/node_modules/@expo/image-utils/src/Cache.ts:34:31)
    at generateImageAsync (/Users/maxin/maxin/learn/learn/node_modules/@expo/image-utils/src/Image.ts:227:32)
    at getFaviconFromExpoConfigAsync (/Users/maxin/maxin/learn/learn/node_modules/@expo/cli/src/export/favicon.ts:83:24)
    at FaviconMiddleware.handleRequestAsync (/Users/maxin/maxin/learn/learn/node_modules/@expo/cli/src/start/server/middleware/FaviconMiddleware.ts:29:20)
    at internalMiddleware (/Users/maxin/maxin/learn/learn/node_modules/@expo/cli/src/start/server/middleware/ExpoMiddleware.ts:44:16)
Error: ENOENT: no such file or directory, open './assets/images/favicon.png'
    at Object.openSync (node:fs:603:3)
    at readFileSync (node:fs:471:35)
    at calculateHash (/Users/maxin/maxin/learn/learn/node_modules/@expo/image-utils/src/Cache.ts:13:73)
    at createCacheKey (/Users/maxin/maxin/learn/learn/node_modules/@expo/image-utils/src/Cache.ts:19:16)
    at Object.createCacheKeyWithDirectoryAsync (/Users/maxin/maxin/learn/learn/node_modules/@expo/image-utils/src/Cache.ts:34:31)
    at generateImageAsync (/Users/maxin/maxin/learn/learn/node_modules/@expo/image-utils/src/Image.ts:227:32)
    at getFaviconFromExpoConfigAsync (/Users/maxin/maxin/learn/learn/node_modules/@expo/cli/src/export/favicon.ts:83:24)
    at FaviconMiddleware.handleRequestAsync (/Users/maxin/maxin/learn/learn/node_modules/@expo/cli/src/start/server/middleware/FaviconMiddleware.ts:29:20)
    at internalMiddleware (/Users/maxin/maxin/learn/learn/node_modules/@expo/cli/src/start/server/middleware/ExpoMiddleware.ts:44:16)
Error: ENOENT: no such file or directory, open './assets/images/favicon.png'
    at Object.openSync (node:fs:603:3)
    at readFileSync (node:fs:471:35)
    at calculateHash (/Users/maxin/maxin/learn/learn/node_modules/@expo/image-utils/src/Cache.ts:13:73)
    at createCacheKey (/Users/maxin/maxin/learn/learn/node_modules/@expo/image-utils/src/Cache.ts:19:16)
    at Object.createCacheKeyWithDirectoryAsync (/Users/maxin/maxin/learn/learn/node_modules/@expo/image-utils/src/Cache.ts:34:31)
    at generateImageAsync (/Users/maxin/maxin/learn/learn/node_modules/@expo/image-utils/src/Image.ts:227:32)
    at getFaviconFromExpoConfigAsync (/Users/maxin/maxin/learn/learn/node_modules/@expo/cli/src/export/favicon.ts:83:24)
    at FaviconMiddleware.handleRequestAsync (/Users/maxin/maxin/learn/learn/node_modules/@expo/cli/src/start/server/middleware/FaviconMiddleware.ts:29:20)
    at internalMiddleware (/Users/maxin/maxin/learn/learn/node_modules/@expo/cli/src/start/server/middleware/ExpoMiddleware.ts:44:16)
Error: ENOENT: no such file or directory, open './assets/images/favicon.png'
    at Object.openSync (node:fs:603:3)
    at readFileSync (node:fs:471:35)
    at calculateHash (/Users/maxin/maxin/learn/learn/node_modules/@expo/image-utils/src/Cache.ts:13:73)
    at createCacheKey (/Users/maxin/maxin/learn/learn/node_modules/@expo/image-utils/src/Cache.ts:19:16)
    at Object.createCacheKeyWithDirectoryAsync (/Users/maxin/maxin/learn/learn/node_modules/@expo/image-utils/src/Cache.ts:34:31)
    at generateImageAsync (/Users/maxin/maxin/learn/learn/node_modules/@expo/image-utils/src/Image.ts:227:32)
    at getFaviconFromExpoConfigAsync (/Users/maxin/maxin/learn/learn/node_modules/@expo/cli/src/export/favicon.ts:83:24)
    at FaviconMiddleware.handleRequestAsync (/Users/maxin/maxin/learn/learn/node_modules/@expo/cli/src/start/server/middleware/FaviconMiddleware.ts:29:20)
    at internalMiddleware (/Users/maxin/maxin/learn/learn/node_modules/@expo/cli/src/start/server/middleware/ExpoMiddleware.ts:44:16)
Error: ENOENT: no such file or directory, open './assets/images/favicon.png'
    at Object.openSync (node:fs:603:3)
    at readFileSync (node:fs:471:35)
    at calculateHash (/Users/maxin/maxin/learn/learn/node_modules/@expo/image-utils/src/Cache.ts:13:73)
    at createCacheKey (/Users/maxin/maxin/learn/learn/node_modules/@expo/image-utils/src/Cache.ts:19:16)
    at Object.createCacheKeyWithDirectoryAsync (/Users/maxin/maxin/learn/learn/node_modules/@expo/image-utils/src/Cache.ts:34:31)
    at generateImageAsync (/Users/maxin/maxin/learn/learn/node_modules/@expo/image-utils/src/Image.ts:227:32)
    at getFaviconFromExpoConfigAsync (/Users/maxin/maxin/learn/learn/node_modules/@expo/cli/src/export/favicon.ts:83:24)
    at FaviconMiddleware.handleRequestAsync (/Users/maxin/maxin/learn/learn/node_modules/@expo/cli/src/start/server/middleware/FaviconMiddleware.ts:29:20)
    at internalMiddleware (/Users/maxin/maxin/learn/learn/node_modules/@expo/cli/src/start/server/middleware/ExpoMiddleware.ts:44:16)
Error: ENOENT: no such file or directory, open './assets/images/favicon.png'
    at Object.openSync (node:fs:603:3)
    at readFileSync (node:fs:471:35)
    at calculateHash (/Users/maxin/maxin/learn/learn/node_modules/@expo/image-utils/src/Cache.ts:13:73)
    at createCacheKey (/Users/maxin/maxin/learn/learn/node_modules/@expo/image-utils/src/Cache.ts:19:16)
    at Object.createCacheKeyWithDirectoryAsync (/Users/maxin/maxin/learn/learn/node_modules/@expo/image-utils/src/Cache.ts:34:31)
    at generateImageAsync (/Users/maxin/maxin/learn/learn/node_modules/@expo/image-utils/src/Image.ts:227:32)
    at getFaviconFromExpoConfigAsync (/Users/maxin/maxin/learn/learn/node_modules/@expo/cli/src/export/favicon.ts:83:24)
    at FaviconMiddleware.handleRequestAsync (/Users/maxin/maxin/learn/learn/node_modules/@expo/cli/src/start/server/middleware/FaviconMiddleware.ts:29:20)
    at internalMiddleware (/Users/maxin/maxin/learn/learn/node_modules/@expo/cli/src/start/server/middleware/ExpoMiddleware.ts:44:16)
Error: ENOENT: no such file or directory, open './assets/images/favicon.png'
    at Object.openSync (node:fs:603:3)
    at readFileSync (node:fs:471:35)
    at calculateHash (/Users/maxin/maxin/learn/learn/node_modules/@expo/image-utils/src/Cache.ts:13:73)
    at createCacheKey (/Users/maxin/maxin/learn/learn/node_modules/@expo/image-utils/src/Cache.ts:19:16)
    at Object.createCacheKeyWithDirectoryAsync (/Users/maxin/maxin/learn/learn/node_modules/@expo/image-utils/src/Cache.ts:34:31)
    at generateImageAsync (/Users/maxin/maxin/learn/learn/node_modules/@expo/image-utils/src/Image.ts:227:32)
    at getFaviconFromExpoConfigAsync (/Users/maxin/maxin/learn/learn/node_modules/@expo/cli/src/export/favicon.ts:83:24)
    at FaviconMiddleware.handleRequestAsync (/Users/maxin/maxin/learn/learn/node_modules/@expo/cli/src/start/server/middleware/FaviconMiddleware.ts:29:20)
    at internalMiddleware (/Users/maxin/maxin/learn/learn/node_modules/@expo/cli/src/start/server/middleware/ExpoMiddleware.ts:44:16)
Error: ENOENT: no such file or directory, open './assets/images/favicon.png'
    at Object.openSync (node:fs:603:3)
    at readFileSync (node:fs:471:35)
    at calculateHash (/Users/maxin/maxin/learn/learn/node_modules/@expo/image-utils/src/Cache.ts:13:73)
    at createCacheKey (/Users/maxin/maxin/learn/learn/node_modules/@expo/image-utils/src/Cache.ts:19:16)
    at Object.createCacheKeyWithDirectoryAsync (/Users/maxin/maxin/learn/learn/node_modules/@expo/image-utils/src/Cache.ts:34:31)
    at generateImageAsync (/Users/maxin/maxin/learn/learn/node_modules/@expo/image-utils/src/Image.ts:227:32)
    at getFaviconFromExpoConfigAsync (/Users/maxin/maxin/learn/learn/node_modules/@expo/cli/src/export/favicon.ts:83:24)
    at FaviconMiddleware.handleRequestAsync (/Users/maxin/maxin/learn/learn/node_modules/@expo/cli/src/start/server/middleware/FaviconMiddleware.ts:29:20)
    at internalMiddleware (/Users/maxin/maxin/learn/learn/node_modules/@expo/cli/src/start/server/middleware/ExpoMiddleware.ts:44:16)
Error: ENOENT: no such file or directory, open './assets/images/favicon.png'
    at Object.openSync (node:fs:603:3)
    at readFileSync (node:fs:471:35)
    at calculateHash (/Users/maxin/maxin/learn/learn/node_modules/@expo/image-utils/src/Cache.ts:13:73)
    at createCacheKey (/Users/maxin/maxin/learn/learn/node_modules/@expo/image-utils/src/Cache.ts:19:16)
    at Object.createCacheKeyWithDirectoryAsync (/Users/maxin/maxin/learn/learn/node_modules/@expo/image-utils/src/Cache.ts:34:31)
    at generateImageAsync (/Users/maxin/maxin/learn/learn/node_modules/@expo/image-utils/src/Image.ts:227:32)
    at getFaviconFromExpoConfigAsync (/Users/maxin/maxin/learn/learn/node_modules/@expo/cli/src/export/favicon.ts:83:24)
    at FaviconMiddleware.handleRequestAsync (/Users/maxin/maxin/learn/learn/node_modules/@expo/cli/src/start/server/middleware/FaviconMiddleware.ts:29:20)
    at internalMiddleware (/Users/maxin/maxin/learn/learn/node_modules/@expo/cli/src/start/server/middleware/ExpoMiddleware.ts:44:16)
Error: ENOENT: no such file or directory, open './assets/images/favicon.png'
    at Object.openSync (node:fs:603:3)
    at readFileSync (node:fs:471:35)
    at calculateHash (/Users/maxin/maxin/learn/learn/node_modules/@expo/image-utils/src/Cache.ts:13:73)
    at createCacheKey (/Users/maxin/maxin/learn/learn/node_modules/@expo/image-utils/src/Cache.ts:19:16)
    at Object.createCacheKeyWithDirectoryAsync (/Users/maxin/maxin/learn/learn/node_modules/@expo/image-utils/src/Cache.ts:34:31)
    at generateImageAsync (/Users/maxin/maxin/learn/learn/node_modules/@expo/image-utils/src/Image.ts:227:32)
    at getFaviconFromExpoConfigAsync (/Users/maxin/maxin/learn/learn/node_modules/@expo/cli/src/export/favicon.ts:83:24)
    at FaviconMiddleware.handleRequestAsync (/Users/maxin/maxin/learn/learn/node_modules/@expo/cli/src/start/server/middleware/FaviconMiddleware.ts:29:20)
    at internalMiddleware (/Users/maxin/maxin/learn/learn/node_modules/@expo/cli/src/start/server/middleware/ExpoMiddleware.ts:44:16)
Error: ENOENT: no such file or directory, open './assets/images/favicon.png'
    at Object.openSync (node:fs:603:3)
    at readFileSync (node:fs:471:35)
    at calculateHash (/Users/maxin/maxin/learn/learn/node_modules/@expo/image-utils/src/Cache.ts:13:73)
    at createCacheKey (/Users/maxin/maxin/learn/learn/node_modules/@expo/image-utils/src/Cache.ts:19:16)
    at Object.createCacheKeyWithDirectoryAsync (/Users/maxin/maxin/learn/learn/node_modules/@expo/image-utils/src/Cache.ts:34:31)
    at generateImageAsync (/Users/maxin/maxin/learn/learn/node_modules/@expo/image-utils/src/Image.ts:227:32)
    at getFaviconFromExpoConfigAsync (/Users/maxin/maxin/learn/learn/node_modules/@expo/cli/src/export/favicon.ts:83:24)
    at FaviconMiddleware.handleRequestAsync (/Users/maxin/maxin/learn/learn/node_modules/@expo/cli/src/start/server/middleware/FaviconMiddleware.ts:29:20)
    at internalMiddleware (/Users/maxin/maxin/learn/learn/node_modules/@expo/cli/src/start/server/middleware/ExpoMiddleware.ts:44:16)
Error: ENOENT: no such file or directory, open './assets/images/favicon.png'
    at Object.openSync (node:fs:603:3)
    at readFileSync (node:fs:471:35)
    at calculateHash (/Users/maxin/maxin/learn/learn/node_modules/@expo/image-utils/src/Cache.ts:13:73)
    at createCacheKey (/Users/maxin/maxin/learn/learn/node_modules/@expo/image-utils/src/Cache.ts:19:16)
    at Object.createCacheKeyWithDirectoryAsync (/Users/maxin/maxin/learn/learn/node_modules/@expo/image-utils/src/Cache.ts:34:31)
    at generateImageAsync (/Users/maxin/maxin/learn/learn/node_modules/@expo/image-utils/src/Image.ts:227:32)
    at getFaviconFromExpoConfigAsync (/Users/maxin/maxin/learn/learn/node_modules/@expo/cli/src/export/favicon.ts:83:24)
    at FaviconMiddleware.handleRequestAsync (/Users/maxin/maxin/learn/learn/node_modules/@expo/cli/src/start/server/middleware/FaviconMiddleware.ts:29:20)
    at internalMiddleware (/Users/maxin/maxin/learn/learn/node_modules/@expo/cli/src/start/server/middleware/ExpoMiddleware.ts:44:16)
Error: ENOENT: no such file or directory, open './assets/images/favicon.png'
    at Object.openSync (node:fs:603:3)
    at readFileSync (node:fs:471:35)
    at calculateHash (/Users/maxin/maxin/learn/learn/node_modules/@expo/image-utils/src/Cache.ts:13:73)
    at createCacheKey (/Users/maxin/maxin/learn/learn/node_modules/@expo/image-utils/src/Cache.ts:19:16)
    at Object.createCacheKeyWithDirectoryAsync (/Users/maxin/maxin/learn/learn/node_modules/@expo/image-utils/src/Cache.ts:34:31)
    at generateImageAsync (/Users/maxin/maxin/learn/learn/node_modules/@expo/image-utils/src/Image.ts:227:32)
    at getFaviconFromExpoConfigAsync (/Users/maxin/maxin/learn/learn/node_modules/@expo/cli/src/export/favicon.ts:83:24)
    at FaviconMiddleware.handleRequestAsync (/Users/maxin/maxin/learn/learn/node_modules/@expo/cli/src/start/server/middleware/FaviconMiddleware.ts:29:20)
    at internalMiddleware (/Users/maxin/maxin/learn/learn/node_modules/@expo/cli/src/start/server/middleware/ExpoMiddleware.ts:44:16)
Error: ENOENT: no such file or directory, open './assets/images/favicon.png'
    at Object.openSync (node:fs:603:3)
    at readFileSync (node:fs:471:35)
    at calculateHash (/Users/maxin/maxin/learn/learn/node_modules/@expo/image-utils/src/Cache.ts:13:73)
    at createCacheKey (/Users/maxin/maxin/learn/learn/node_modules/@expo/image-utils/src/Cache.ts:19:16)
    at Object.createCacheKeyWithDirectoryAsync (/Users/maxin/maxin/learn/learn/node_modules/@expo/image-utils/src/Cache.ts:34:31)
    at generateImageAsync (/Users/maxin/maxin/learn/learn/node_modules/@expo/image-utils/src/Image.ts:227:32)
    at getFaviconFromExpoConfigAsync (/Users/maxin/maxin/learn/learn/node_modules/@expo/cli/src/export/favicon.ts:83:24)
    at FaviconMiddleware.handleRequestAsync (/Users/maxin/maxin/learn/learn/node_modules/@expo/cli/src/start/server/middleware/FaviconMiddleware.ts:29:20)
    at internalMiddleware (/Users/maxin/maxin/learn/learn/node_modules/@expo/cli/src/start/server/middleware/ExpoMiddleware.ts:44:16)
Error: ENOENT: no such file or directory, open './assets/images/favicon.png'
    at Object.openSync (node:fs:603:3)
    at readFileSync (node:fs:471:35)
    at calculateHash (/Users/maxin/maxin/learn/learn/node_modules/@expo/image-utils/src/Cache.ts:13:73)
    at createCacheKey (/Users/maxin/maxin/learn/learn/node_modules/@expo/image-utils/src/Cache.ts:19:16)
    at Object.createCacheKeyWithDirectoryAsync (/Users/maxin/maxin/learn/learn/node_modules/@expo/image-utils/src/Cache.ts:34:31)
    at generateImageAsync (/Users/maxin/maxin/learn/learn/node_modules/@expo/image-utils/src/Image.ts:227:32)
    at getFaviconFromExpoConfigAsync (/Users/maxin/maxin/learn/learn/node_modules/@expo/cli/src/export/favicon.ts:83:24)
    at FaviconMiddleware.handleRequestAsync (/Users/maxin/maxin/learn/learn/node_modules/@expo/cli/src/start/server/middleware/FaviconMiddleware.ts:29:20)
    at internalMiddleware (/Users/maxin/maxin/learn/learn/node_modules/@expo/cli/src/start/server/middleware/ExpoMiddleware.ts:44:16)
Error: ENOENT: no such file or directory, open './assets/images/favicon.png'
    at Object.openSync (node:fs:603:3)
    at readFileSync (node:fs:471:35)
    at calculateHash (/Users/maxin/maxin/learn/learn/node_modules/@expo/image-utils/src/Cache.ts:13:73)
    at createCacheKey (/Users/maxin/maxin/learn/learn/node_modules/@expo/image-utils/src/Cache.ts:19:16)
    at Object.createCacheKeyWithDirectoryAsync (/Users/maxin/maxin/learn/learn/node_modules/@expo/image-utils/src/Cache.ts:34:31)
    at generateImageAsync (/Users/maxin/maxin/learn/learn/node_modules/@expo/image-utils/src/Image.ts:227:32)
    at getFaviconFromExpoConfigAsync (/Users/maxin/maxin/learn/learn/node_modules/@expo/cli/src/export/favicon.ts:83:24)
    at FaviconMiddleware.handleRequestAsync (/Users/maxin/maxin/learn/learn/node_modules/@expo/cli/src/start/server/middleware/FaviconMiddleware.ts:29:20)
    at internalMiddleware (/Users/maxin/maxin/learn/learn/node_modules/@expo/cli/src/start/server/middleware/ExpoMiddleware.ts:44:16)
Error: ENOENT: no such file or directory, open './assets/images/favicon.png'
    at Object.openSync (node:fs:603:3)
    at readFileSync (node:fs:471:35)
    at calculateHash (/Users/maxin/maxin/learn/learn/node_modules/@expo/image-utils/src/Cache.ts:13:73)
    at createCacheKey (/Users/maxin/maxin/learn/learn/node_modules/@expo/image-utils/src/Cache.ts:19:16)
    at Object.createCacheKeyWithDirectoryAsync (/Users/maxin/maxin/learn/learn/node_modules/@expo/image-utils/src/Cache.ts:34:31)
    at generateImageAsync (/Users/maxin/maxin/learn/learn/node_modules/@expo/image-utils/src/Image.ts:227:32)
    at getFaviconFromExpoConfigAsync (/Users/maxin/maxin/learn/learn/node_modules/@expo/cli/src/export/favicon.ts:83:24)
    at FaviconMiddleware.handleRequestAsync (/Users/maxin/maxin/learn/learn/node_modules/@expo/cli/src/start/server/middleware/FaviconMiddleware.ts:29:20)
    at internalMiddleware (/Users/maxin/maxin/learn/learn/node_modules/@expo/cli/src/start/server/middleware/ExpoMiddleware.ts:44:16)
Error: ENOENT: no such file or directory, open './assets/images/favicon.png'
    at Object.openSync (node:fs:603:3)
    at readFileSync (node:fs:471:35)
    at calculateHash (/Users/maxin/maxin/learn/learn/node_modules/@expo/image-utils/src/Cache.ts:13:73)
    at createCacheKey (/Users/maxin/maxin/learn/learn/node_modules/@expo/image-utils/src/Cache.ts:19:16)
    at Object.createCacheKeyWithDirectoryAsync (/Users/maxin/maxin/learn/learn/node_modules/@expo/image-utils/src/Cache.ts:34:31)
    at generateImageAsync (/Users/maxin/maxin/learn/learn/node_modules/@expo/image-utils/src/Image.ts:227:32)
    at getFaviconFromExpoConfigAsync (/Users/maxin/maxin/learn/learn/node_modules/@expo/cli/src/export/favicon.ts:83:24)
    at FaviconMiddleware.handleRequestAsync (/Users/maxin/maxin/learn/learn/node_modules/@expo/cli/src/start/server/middleware/FaviconMiddleware.ts:29:20)
    at internalMiddleware (/Users/maxin/maxin/learn/learn/node_modules/@expo/cli/src/start/server/middleware/ExpoMiddleware.ts:44:16)
Error: ENOENT: no such file or directory, open './assets/images/favicon.png'
    at Object.openSync (node:fs:603:3)
    at readFileSync (node:fs:471:35)
    at calculateHash (/Users/maxin/maxin/learn/learn/node_modules/@expo/image-utils/src/Cache.ts:13:73)
    at createCacheKey (/Users/maxin/maxin/learn/learn/node_modules/@expo/image-utils/src/Cache.ts:19:16)
    at Object.createCacheKeyWithDirectoryAsync (/Users/maxin/maxin/learn/learn/node_modules/@expo/image-utils/src/Cache.ts:34:31)
    at generateImageAsync (/Users/maxin/maxin/learn/learn/node_modules/@expo/image-utils/src/Image.ts:227:32)
    at getFaviconFromExpoConfigAsync (/Users/maxin/maxin/learn/learn/node_modules/@expo/cli/src/export/favicon.ts:83:24)
    at FaviconMiddleware.handleRequestAsync (/Users/maxin/maxin/learn/learn/node_modules/@expo/cli/src/start/server/middleware/FaviconMiddleware.ts:29:20)
    at internalMiddleware (/Users/maxin/maxin/learn/learn/node_modules/@expo/cli/src/start/server/middleware/ExpoMiddleware.ts:44:16)
Error: ENOENT: no such file or directory, open './assets/images/favicon.png'
    at Object.openSync (node:fs:603:3)
    at readFileSync (node:fs:471:35)
    at calculateHash (/Users/maxin/maxin/learn/learn/node_modules/@expo/image-utils/src/Cache.ts:13:73)
    at createCacheKey (/Users/maxin/maxin/learn/learn/node_modules/@expo/image-utils/src/Cache.ts:19:16)
    at Object.createCacheKeyWithDirectoryAsync (/Users/maxin/maxin/learn/learn/node_modules/@expo/image-utils/src/Cache.ts:34:31)
    at generateImageAsync (/Users/maxin/maxin/learn/learn/node_modules/@expo/image-utils/src/Image.ts:227:32)
    at getFaviconFromExpoConfigAsync (/Users/maxin/maxin/learn/learn/node_modules/@expo/cli/src/export/favicon.ts:83:24)
    at FaviconMiddleware.handleRequestAsync (/Users/maxin/maxin/learn/learn/node_modules/@expo/cli/src/start/server/middleware/FaviconMiddleware.ts:29:20)
    at internalMiddleware (/Users/maxin/maxin/learn/learn/node_modules/@expo/cli/src/start/server/middleware/ExpoMiddleware.ts:44:16)
Error: ENOENT: no such file or directory, open './assets/images/favicon.png'
    at Object.openSync (node:fs:603:3)
    at readFileSync (node:fs:471:35)
    at calculateHash (/Users/maxin/maxin/learn/learn/node_modules/@expo/image-utils/src/Cache.ts:13:73)
    at createCacheKey (/Users/maxin/maxin/learn/learn/node_modules/@expo/image-utils/src/Cache.ts:19:16)
    at Object.createCacheKeyWithDirectoryAsync (/Users/maxin/maxin/learn/learn/node_modules/@expo/image-utils/src/Cache.ts:34:31)
    at generateImageAsync (/Users/maxin/maxin/learn/learn/node_modules/@expo/image-utils/src/Image.ts:227:32)
    at getFaviconFromExpoConfigAsync (/Users/maxin/maxin/learn/learn/node_modules/@expo/cli/src/export/favicon.ts:83:24)
    at FaviconMiddleware.handleRequestAsync (/Users/maxin/maxin/learn/learn/node_modules/@expo/cli/src/start/server/middleware/FaviconMiddleware.ts:29:20)
    at internalMiddleware (/Users/maxin/maxin/learn/learn/node_modules/@expo/cli/src/start/server/middleware/ExpoMiddleware.ts:44:16)
Error: ENOENT: no such file or directory, open './assets/images/favicon.png'
    at Object.openSync (node:fs:603:3)
    at readFileSync (node:fs:471:35)
    at calculateHash (/Users/maxin/maxin/learn/learn/node_modules/@expo/image-utils/src/Cache.ts:13:73)
    at createCacheKey (/Users/maxin/maxin/learn/learn/node_modules/@expo/image-utils/src/Cache.ts:19:16)
    at Object.createCacheKeyWithDirectoryAsync (/Users/maxin/maxin/learn/learn/node_modules/@expo/image-utils/src/Cache.ts:34:31)
    at generateImageAsync (/Users/maxin/maxin/learn/learn/node_modules/@expo/image-utils/src/Image.ts:227:32)
    at getFaviconFromExpoConfigAsync (/Users/maxin/maxin/learn/learn/node_modules/@expo/cli/src/export/favicon.ts:83:24)
    at FaviconMiddleware.handleRequestAsync (/Users/maxin/maxin/learn/learn/node_modules/@expo/cli/src/start/server/middleware/FaviconMiddleware.ts:29:20)
    at internalMiddleware (/Users/maxin/maxin/learn/learn/node_modules/@expo/cli/src/start/server/middleware/ExpoMiddleware.ts:44:16)
Error: ENOENT: no such file or directory, open './assets/images/favicon.png'
    at Object.openSync (node:fs:603:3)
    at readFileSync (node:fs:471:35)
    at calculateHash (/Users/maxin/maxin/learn/learn/node_modules/@expo/image-utils/src/Cache.ts:13:73)
    at createCacheKey (/Users/maxin/maxin/learn/learn/node_modules/@expo/image-utils/src/Cache.ts:19:16)
    at Object.createCacheKeyWithDirectoryAsync (/Users/maxin/maxin/learn/learn/node_modules/@expo/image-utils/src/Cache.ts:34:31)
    at generateImageAsync (/Users/maxin/maxin/learn/learn/node_modules/@expo/image-utils/src/Image.ts:227:32)
    at getFaviconFromExpoConfigAsync (/Users/maxin/maxin/learn/learn/node_modules/@expo/cli/src/export/favicon.ts:83:24)
    at FaviconMiddleware.handleRequestAsync (/Users/maxin/maxin/learn/learn/node_modules/@expo/cli/src/start/server/middleware/FaviconMiddleware.ts:29:20)
    at internalMiddleware (/Users/maxin/maxin/learn/learn/node_modules/@expo/cli/src/start/server/middleware/ExpoMiddleware.ts:44:16)
